
> tenantflow@1.0.0 typecheck
> turbo run typecheck -- --noErrorTruncation

turbo 2.5.6

• Packages in scope: @repo/backend, @repo/database, @repo/emails, @repo/eslint-config, @repo/frontend, @repo/shared, @repo/tailwind-config, @repo/typescript-config
• Running typecheck in 8 packages
• Remote caching enabled
@repo/typescript-config:typecheck: cache hit, replaying logs 69f7c9ded372dc98
@repo/tailwind-config:typecheck: cache hit, replaying logs 144e5087caf3616f
@repo/emails:typecheck: cache hit, replaying logs 9c9d74b15e19a01e
@repo/typescript-config:build: cache hit, replaying logs 6e43f1d8deaa0579
@repo/tailwind-config:typecheck: 
@repo/tailwind-config:typecheck: > @repo/tailwind-config@0.0.0 typecheck
@repo/tailwind-config:typecheck: > echo 'No TypeScript files to check in tailwind config package' --noErrorTruncation
@repo/tailwind-config:typecheck: 
@repo/tailwind-config:typecheck: No TypeScript files to check in tailwind config package --noErrorTruncation
@repo/typescript-config:typecheck: 
@repo/typescript-config:typecheck: > @repo/typescript-config@0.1.0 typecheck
@repo/typescript-config:typecheck: > echo 'No TypeScript files to check in config package' --noErrorTruncation
@repo/typescript-config:typecheck: 
@repo/typescript-config:typecheck: No TypeScript files to check in config package --noErrorTruncation
@repo/typescript-config:build: 
@repo/emails:typecheck: 
@repo/emails:typecheck: > @repo/emails@0.1.0 typecheck
@repo/emails:typecheck: > tsc --noEmit --noErrorTruncation
@repo/emails:typecheck: 
@repo/typescript-config:build: > @repo/typescript-config@0.1.0 build
@repo/typescript-config:build: > echo 'TypeScript config built successfully'
@repo/typescript-config:build: 
@repo/typescript-config:build: TypeScript config built successfully
@repo/shared:typecheck: cache hit, replaying logs cb99f02328885987
@repo/shared:typecheck: 
@repo/shared:typecheck: > @repo/shared@0.1.0 typecheck
@repo/shared:typecheck: > tsc --noEmit --noErrorTruncation
@repo/shared:typecheck: 
@repo/shared:build: cache hit, replaying logs e4bd90c2fb4418ca
@repo/shared:build: 
@repo/shared:build: > @repo/shared@0.1.0 build
@repo/shared:build: > npm run build:cjs && npm run build:esm
@repo/shared:build: 
@repo/shared:build: 
@repo/shared:build: > @repo/shared@0.1.0 build:cjs
@repo/shared:build: > tsc -p tsconfig.build.json
@repo/shared:build: 
@repo/shared:build: 
@repo/shared:build: > @repo/shared@0.1.0 build:esm
@repo/shared:build: > tsc -p tsconfig.esm.json
@repo/shared:build: 
@repo/database:typecheck: cache hit, replaying logs 56e536b717d727b8
@repo/database:typecheck: 
@repo/database:typecheck: > @repo/database@0.1.0 typecheck
@repo/database:typecheck: > tsc --noEmit --noErrorTruncation
@repo/database:typecheck: 
@repo/database:build: cache hit, replaying logs 94703725cd92a4c4
@repo/database:build: 
@repo/database:build: > @repo/database@0.1.0 build
@repo/database:build: > npm run clean-dist && tsc --build
@repo/database:build: 
@repo/database:build: 
@repo/database:build: > @repo/database@0.1.0 clean-dist
@repo/database:build: > tsc --build --clean && rm -rf dist
@repo/database:build: 
@repo/frontend:typecheck: cache miss, executing e3c729cc5cc80427
@repo/backend:typecheck: cache miss, executing 7e0e0ac5aae480a6
@repo/frontend:typecheck: 
@repo/frontend:typecheck: > @repo/frontend@0.1.0 typecheck
@repo/frontend:typecheck: > tsc --noEmit --noErrorTruncation
@repo/frontend:typecheck: 
@repo/backend:typecheck: 
@repo/backend:typecheck: > @repo/backend@0.0.2 typecheck
@repo/backend:typecheck: > NODE_OPTIONS='--max-old-space-size=8192' tsc -p tsconfig.build.json --noEmit --incremental --skipLibCheck --noErrorTruncation
@repo/backend:typecheck: 
@repo/backend:typecheck: src/leases/leases.controller.ts(287,20): error TS1272: A type referenced in a decorated signature must be imported with 'import type' or a namespace import when 'isolatedModules' and 'emitDecoratorMetadata' are enabled.
@repo/backend:typecheck: npm error Lifecycle script `typecheck` failed with error:
@repo/backend:typecheck: npm error code 2
@repo/backend:typecheck: npm error path /Users/richard/Developer/tenant-flow/apps/backend
@repo/backend:typecheck: npm error workspace @repo/backend@0.0.2
@repo/backend:typecheck: npm error location /Users/richard/Developer/tenant-flow/apps/backend
@repo/backend:typecheck: npm error command failed
@repo/backend:typecheck: npm error command sh -c NODE_OPTIONS='--max-old-space-size=8192' tsc -p tsconfig.build.json --noEmit --incremental --skipLibCheck --noErrorTruncation
@repo/backend:typecheck: ERROR: command finished with error: command (/Users/richard/Developer/tenant-flow/apps/backend) /opt/homebrew/bin/npm run typecheck -- --noErrorTruncation exited (2)
@repo/backend#typecheck: command (/Users/richard/Developer/tenant-flow/apps/backend) /opt/homebrew/bin/npm run typecheck -- --noErrorTruncation exited (2)

 Tasks:    8 successful, 10 total
Cached:    8 cached, 10 total
  Time:    3.736s 
Failed:    @repo/backend#typecheck

 ERROR  run failed: command  exited (2)
